"2018-09-06 12:54:38 [HikariPool-1 housekeeper] DEBUG com.zaxxer.hikari.pool.HikariPool - HikariPool-1 - Pool stats (total=10, active=0, idle=10, waiting=0)
""2018-09-06 12:54:42 [http-nio-8030-Acceptor-0] DEBUG o.a.tomcat.util.threads.LimitLatch - Counting up[http-nio-8030-Acceptor-0] latch=1
""2018-09-06 12:54:42 [http-nio-8030-exec-2] DEBUG o.a.tomcat.util.modeler.Registry - Managed= Tomcat:type=RequestProcessor,worker="http-nio-8030",name=HttpRequest1
""2018-09-06 12:54:42 [http-nio-8030-exec-2] DEBUG o.a.tomcat.util.modeler.Registry - Looking for descriptor 
""2018-09-06 12:54:42 [http-nio-8030-exec-2] DEBUG o.a.tomcat.util.modeler.Registry - Introspecting 
""2018-09-06 12:54:42 [http-nio-8030-exec-2] DEBUG o.a.t.u.m.m.MbeansDescriptorsIntrospectionSource - Introspected attribute virtualHost public java.lang.String org.apache.coyote.RequestInfo.getVirtualHost() null
""2018-09-06 12:54:42 [http-nio-8030-exec-2] DEBUG o.a.t.u.m.m.MbeansDescriptorsIntrospectionSource - Introspected attribute bytesSent public long org.apache.coyote.RequestInfo.getBytesSent() public void org.apache.coyote.RequestInfo.setBytesSent(long)
""2018-09-06 12:54:42 [http-nio-8030-exec-2] DEBUG o.a.t.u.m.m.MbeansDescriptorsIntrospectionSource - Introspected attribute method public java.lang.String org.apache.coyote.RequestInfo.getMethod() null
""2018-09-06 12:54:42 [http-nio-8030-exec-2] DEBUG o.a.t.u.m.m.MbeansDescriptorsIntrospectionSource - Introspected attribute remoteAddr public java.lang.String org.apache.coyote.RequestInfo.getRemoteAddr() null
""2018-09-06 12:54:42 [http-nio-8030-exec-2] DEBUG o.a.t.u.m.m.MbeansDescriptorsIntrospectionSource - Introspected attribute requestBytesSent public long org.apache.coyote.RequestInfo.getRequestBytesSent() null
""2018-09-06 12:54:42 [http-nio-8030-exec-2] DEBUG o.a.t.u.m.m.MbeansDescriptorsIntrospectionSource - Introspected attribute rpName public javax.management.ObjectName org.apache.coyote.RequestInfo.getRpName() public void org.apache.coyote.RequestInfo.setRpName(javax.management.ObjectName)
""2018-09-06 12:54:42 [http-nio-8030-exec-2] DEBUG o.a.t.u.m.m.MbeansDescriptorsIntrospectionSource - Introspected attribute contentLength public int org.apache.coyote.RequestInfo.getContentLength() null
""2018-09-06 12:54:42 [http-nio-8030-exec-2] DEBUG o.a.t.u.m.m.MbeansDescriptorsIntrospectionSource - Introspected attribute workerThreadName public java.lang.String org.apache.coyote.RequestInfo.getWorkerThreadName() public void org.apache.coyote.RequestInfo.setWorkerThreadName(java.lang.String)
""2018-09-06 12:54:42 [http-nio-8030-exec-2] DEBUG o.a.t.u.m.m.MbeansDescriptorsIntrospectionSource - Introspected attribute bytesReceived public long org.apache.coyote.RequestInfo.getBytesReceived() public void org.apache.coyote.RequestInfo.setBytesReceived(long)
""2018-09-06 12:54:42 [http-nio-8030-exec-2] DEBUG o.a.t.u.m.m.MbeansDescriptorsIntrospectionSource - Introspected attribute requestProcessingTime public long org.apache.coyote.RequestInfo.getRequestProcessingTime() null
""2018-09-06 12:54:42 [http-nio-8030-exec-2] DEBUG o.a.t.u.m.m.MbeansDescriptorsIntrospectionSource - Introspected attribute remoteAddrForwarded public java.lang.String org.apache.coyote.RequestInfo.getRemoteAddrForwarded() null
""2018-09-06 12:54:42 [http-nio-8030-exec-2] DEBUG o.a.t.u.m.m.MbeansDescriptorsIntrospectionSource - Introspected attribute globalProcessor public org.apache.coyote.RequestGroupInfo org.apache.coyote.RequestInfo.getGlobalProcessor() public void org.apache.coyote.RequestInfo.setGlobalProcessor(org.apache.coyote.RequestGroupInfo)
""2018-09-06 12:54:42 [http-nio-8030-exec-2] DEBUG o.a.t.u.m.m.MbeansDescriptorsIntrospectionSource - Introspected attribute currentQueryString public java.lang.String org.apache.coyote.RequestInfo.getCurrentQueryString() null
""2018-09-06 12:54:42 [http-nio-8030-exec-2] DEBUG o.a.t.u.m.m.MbeansDescriptorsIntrospectionSource - Introspected attribute protocol public java.lang.String org.apache.coyote.RequestInfo.getProtocol() null
""2018-09-06 12:54:42 [http-nio-8030-exec-2] DEBUG o.a.t.u.m.m.MbeansDescriptorsIntrospectionSource - Introspected attribute maxRequestUri public java.lang.String org.apache.coyote.RequestInfo.getMaxRequestUri() public void org.apache.coyote.RequestInfo.setMaxRequestUri(java.lang.String)
""2018-09-06 12:54:42 [http-nio-8030-exec-2] DEBUG o.a.t.u.m.m.MbeansDescriptorsIntrospectionSource - Introspected attribute requestBytesReceived public long org.apache.coyote.RequestInfo.getRequestBytesReceived() null
""2018-09-06 12:54:42 [http-nio-8030-exec-2] DEBUG o.a.t.u.m.m.MbeansDescriptorsIntrospectionSource - Introspected attribute serverPort public int org.apache.coyote.RequestInfo.getServerPort() null
""2018-09-06 12:54:42 [http-nio-8030-exec-2] DEBUG o.a.t.u.m.m.MbeansDescriptorsIntrospectionSource - Introspected attribute stage public int org.apache.coyote.RequestInfo.getStage() public void org.apache.coyote.RequestInfo.setStage(int)
""2018-09-06 12:54:42 [http-nio-8030-exec-2] DEBUG o.a.t.u.m.m.MbeansDescriptorsIntrospectionSource - Introspected attribute requestCount public int org.apache.coyote.RequestInfo.getRequestCount() public void org.apache.coyote.RequestInfo.setRequestCount(int)
""2018-09-06 12:54:42 [http-nio-8030-exec-2] DEBUG o.a.t.u.m.m.MbeansDescriptorsIntrospectionSource - Introspected attribute maxTime public long org.apache.coyote.RequestInfo.getMaxTime() public void org.apache.coyote.RequestInfo.setMaxTime(long)
""2018-09-06 12:54:42 [http-nio-8030-exec-2] DEBUG o.a.t.u.m.m.MbeansDescriptorsIntrospectionSource - Introspected attribute processingTime public long org.apache.coyote.RequestInfo.getProcessingTime() public void org.apache.coyote.RequestInfo.setProcessingTime(long)
""2018-09-06 12:54:42 [http-nio-8030-exec-2] DEBUG o.a.t.u.m.m.MbeansDescriptorsIntrospectionSource - Introspected attribute currentUri public java.lang.String org.apache.coyote.RequestInfo.getCurrentUri() null
""2018-09-06 12:54:42 [http-nio-8030-exec-2] DEBUG o.a.t.u.m.m.MbeansDescriptorsIntrospectionSource - Introspected attribute lastRequestProcessingTime public long org.apache.coyote.RequestInfo.getLastRequestProcessingTime() public void org.apache.coyote.RequestInfo.setLastRequestProcessingTime(long)
""2018-09-06 12:54:42 [http-nio-8030-exec-2] DEBUG o.a.t.u.m.m.MbeansDescriptorsIntrospectionSource - Introspected attribute errorCount public int org.apache.coyote.RequestInfo.getErrorCount() public void org.apache.coyote.RequestInfo.setErrorCount(int)
""2018-09-06 12:54:42 [http-nio-8030-exec-2] DEBUG o.a.t.u.m.m.MbeansDescriptorsIntrospectionSource - Setting name: org.apache.coyote.RequestInfo
""2018-09-06 12:54:42 [http-nio-8030-exec-2] DEBUG o.a.t.util.modeler.BaseModelMBean - preRegister org.apache.coyote.RequestInfo@7d7391c6 Tomcat:type=RequestProcessor,worker="http-nio-8030",name=HttpRequest1
""2018-09-06 12:54:42 [http-nio-8030-exec-2] DEBUG o.a.t.util.net.SocketWrapperBase - Socket: [org.apache.tomcat.util.net.NioEndpoint$NioSocketWrapper@56dd3b0:org.apache.tomcat.util.net.NioChannel@38e9a978:java.nio.channels.SocketChannel[connected local=/0:0:0:0:0:0:0:1:8030 remote=/0:0:0:0:0:0:0:1:51894]], Read from buffer: [0]
""2018-09-06 12:54:42 [http-nio-8030-exec-2] DEBUG o.apache.tomcat.util.net.NioEndpoint - Socket: [org.apache.tomcat.util.net.NioEndpoint$NioSocketWrapper@56dd3b0:org.apache.tomcat.util.net.NioChannel@38e9a978:java.nio.channels.SocketChannel[connected local=/0:0:0:0:0:0:0:1:8030 remote=/0:0:0:0:0:0:0:1:51894]], Read direct from socket: [906]
""2018-09-06 12:54:42 [http-nio-8030-exec-2] DEBUG o.a.coyote.http11.Http11InputBuffer - Received [POST /bill HTTP/1.1
Host: localhost:8030
Connection: keep-alive
Content-Length: 423
User-Agent: Mozilla/5.0 (Windows NT 6.3; Win64; x64) AppleWebKit/537.36 (KHTML, like Gecko) Chrome/68.0.3440.106 Safari/537.36
Cache-Control: no-cache
Origin: chrome-extension://fhbjgbiflinjbdggehcddcbncdddomop
Postman-Token: a0ec8984-d2de-4e34-46e7-b1202632d336
Content-Type: application/json
Accept: */*
Accept-Encoding: gzip, deflate, br
Accept-Language: en-GB,en-US;q=0.9,en;q=0.8


{
        "billNumber": 1,
        "billDate": "2018-09-05",
        "billDetails": [
            {
            	
                "itemName": "Jack Daniels",
                "quantity": 8,
                "price": 6000
            },
            {
            	
                "itemName": "Bacardi",
                "quantity": 7,
                "price": 6500
            }
        ],
        "billAmount": 11500
   }
  ]
""2018-09-06 12:54:42 [http-nio-8030-exec-2] DEBUG o.apache.tomcat.util.http.Parameters - Set query string encoding to UTF-8
""2018-09-06 12:54:42 [http-nio-8030-exec-2] DEBUG o.a.c.a.AuthenticatorBase - Security checking request POST /bill
""2018-09-06 12:54:42 [http-nio-8030-exec-2] DEBUG org.apache.catalina.realm.RealmBase -   No applicable constraints defined
""2018-09-06 12:54:42 [http-nio-8030-exec-2] DEBUG o.a.c.a.jaspic.AuthConfigFactoryImpl - Loading persistent provider registrations from [C:\Users\606461380\AppData\Local\Temp\tomcat.4838606459883740992.8030\conf\jaspic-providers.xml]
""2018-09-06 12:54:42 [http-nio-8030-exec-2] DEBUG o.a.c.a.AuthenticatorBase -  Not subject to any constraint
""2018-09-06 12:54:42 [http-nio-8030-exec-2] DEBUG o.s.web.servlet.DispatcherServlet - Initializing servlet 'dispatcherServlet'
""2018-09-06 12:54:42 [http-nio-8030-exec-2] INFO  o.a.c.c.C.[Tomcat].[localhost].[/] - Initializing Spring FrameworkServlet 'dispatcherServlet'
""2018-09-06 12:54:42 [http-nio-8030-exec-2] INFO  o.s.web.servlet.DispatcherServlet - FrameworkServlet 'dispatcherServlet': initialization started
""2018-09-06 12:54:42 [http-nio-8030-exec-2] DEBUG o.s.b.f.s.DefaultListableBeanFactory - Returning cached instance of singleton bean 'multipartResolver'
""2018-09-06 12:54:42 [http-nio-8030-exec-2] DEBUG o.s.web.servlet.DispatcherServlet - Using MultipartResolver [org.springframework.web.multipart.support.StandardServletMultipartResolver@4aed311e]
""2018-09-06 12:54:42 [http-nio-8030-exec-2] DEBUG o.s.b.f.s.DefaultListableBeanFactory - Creating instance of bean 'org.springframework.web.servlet.i18n.AcceptHeaderLocaleResolver'
""2018-09-06 12:54:42 [http-nio-8030-exec-2] DEBUG o.s.b.f.s.DefaultListableBeanFactory - Returning cached instance of singleton bean 'org.springframework.transaction.config.internalTransactionAdvisor'
""2018-09-06 12:54:42 [http-nio-8030-exec-2] DEBUG o.a.c.loader.WebappClassLoaderBase -     findClass(java.lang.ObjectCustomizer)
""2018-09-06 12:54:42 [http-nio-8030-exec-2] DEBUG o.a.c.loader.WebappClassLoaderBase -     --> Returning ClassNotFoundException
""2018-09-06 12:54:42 [http-nio-8030-exec-2] DEBUG o.a.c.loader.WebappClassLoaderBase -     findClass(org.springframework.web.servlet.i18n.AcceptHeaderLocaleResolverCustomizer)
""2018-09-06 12:54:42 [http-nio-8030-exec-2] DEBUG o.a.c.loader.WebappClassLoaderBase -     --> Returning ClassNotFoundException
""2018-09-06 12:54:42 [http-nio-8030-exec-2] DEBUG o.a.c.loader.WebappClassLoaderBase -     findClass(org.springframework.web.servlet.LocaleResolverCustomizer)
""2018-09-06 12:54:42 [http-nio-8030-exec-2] DEBUG o.a.c.loader.WebappClassLoaderBase -     --> Returning ClassNotFoundException
""2018-09-06 12:54:42 [http-nio-8030-exec-2] DEBUG o.s.b.f.s.DefaultListableBeanFactory - Returning cached instance of singleton bean 'org.springframework.transaction.config.internalTransactionAdvisor'
""2018-09-06 12:54:42 [http-nio-8030-exec-2] DEBUG o.s.b.f.s.DefaultListableBeanFactory - Returning cached instance of singleton bean 'org.springframework.transaction.config.internalTransactionAdvisor'
""2018-09-06 12:54:42 [http-nio-8030-exec-2] DEBUG o.s.b.f.s.DefaultListableBeanFactory - Finished creating instance of bean 'org.springframework.web.servlet.i18n.AcceptHeaderLocaleResolver'
""2018-09-06 12:54:42 [http-nio-8030-exec-2] DEBUG o.s.web.servlet.DispatcherServlet - Unable to locate LocaleResolver with name 'localeResolver': using default [org.springframework.web.servlet.i18n.AcceptHeaderLocaleResolver@2eb7ab8c]
""2018-09-06 12:54:42 [http-nio-8030-exec-2] DEBUG o.s.b.f.s.DefaultListableBeanFactory - Creating instance of bean 'org.springframework.web.servlet.theme.FixedThemeResolver'
""2018-09-06 12:54:42 [http-nio-8030-exec-2] DEBUG o.s.b.f.s.DefaultListableBeanFactory - Returning cached instance of singleton bean 'org.springframework.transaction.config.internalTransactionAdvisor'
""2018-09-06 12:54:42 [http-nio-8030-exec-2] DEBUG o.a.c.loader.WebappClassLoaderBase -     findClass(java.lang.ObjectCustomizer)
""2018-09-06 12:54:42 [http-nio-8030-exec-2] DEBUG o.a.c.loader.WebappClassLoaderBase -     --> Returning ClassNotFoundException
""2018-09-06 12:54:42 [http-nio-8030-exec-2] DEBUG o.a.c.loader.WebappClassLoaderBase -     findClass(org.springframework.web.servlet.theme.AbstractThemeResolverCustomizer)
""2018-09-06 12:54:42 [http-nio-8030-exec-2] DEBUG o.a.c.loader.WebappClassLoaderBase -     --> Returning ClassNotFoundException
""2018-09-06 12:54:42 [http-nio-8030-exec-2] DEBUG o.a.c.loader.WebappClassLoaderBase -     findClass(org.springframework.web.servlet.theme.FixedThemeResolverCustomizer)
""2018-09-06 12:54:42 [http-nio-8030-exec-2] DEBUG o.a.c.loader.WebappClassLoaderBase -     --> Returning ClassNotFoundException
""2018-09-06 12:54:42 [http-nio-8030-exec-2] DEBUG o.a.c.loader.WebappClassLoaderBase -     findClass(org.springframework.web.servlet.ThemeResolverCustomizer)
""2018-09-06 12:54:42 [http-nio-8030-exec-2] DEBUG o.a.c.loader.WebappClassLoaderBase -     --> Returning ClassNotFoundException
""2018-09-06 12:54:42 [http-nio-8030-exec-2] DEBUG o.s.b.f.s.DefaultListableBeanFactory - Returning cached instance of singleton bean 'org.springframework.transaction.config.internalTransactionAdvisor'
""2018-09-06 12:54:42 [http-nio-8030-exec-2] DEBUG o.s.b.f.s.DefaultListableBeanFactory - Returning cached instance of singleton bean 'org.springframework.transaction.config.internalTransactionAdvisor'
""2018-09-06 12:54:42 [http-nio-8030-exec-2] DEBUG o.s.b.f.s.DefaultListableBeanFactory - Finished creating instance of bean 'org.springframework.web.servlet.theme.FixedThemeResolver'
""2018-09-06 12:54:42 [http-nio-8030-exec-2] DEBUG o.s.web.servlet.DispatcherServlet - Unable to locate ThemeResolver with name 'themeResolver': using default [org.springframework.web.servlet.theme.FixedThemeResolver@12074c7a]
""2018-09-06 12:54:42 [http-nio-8030-exec-2] DEBUG o.s.b.f.s.DefaultListableBeanFactory - Returning cached instance of singleton bean 'faviconHandlerMapping'
""2018-09-06 12:54:42 [http-nio-8030-exec-2] DEBUG o.s.b.f.s.DefaultListableBeanFactory - Returning cached instance of singleton bean 'requestMappingHandlerMapping'
""2018-09-06 12:54:42 [http-nio-8030-exec-2] DEBUG o.s.b.f.s.DefaultListableBeanFactory - Returning cached instance of singleton bean 'viewControllerHandlerMapping'
""2018-09-06 12:54:42 [http-nio-8030-exec-2] DEBUG o.s.b.f.s.DefaultListableBeanFactory - Returning cached instance of singleton bean 'beanNameHandlerMapping'
""2018-09-06 12:54:42 [http-nio-8030-exec-2] DEBUG o.s.b.f.s.DefaultListableBeanFactory - Returning cached instance of singleton bean 'resourceHandlerMapping'
""2018-09-06 12:54:42 [http-nio-8030-exec-2] DEBUG o.s.b.f.s.DefaultListableBeanFactory - Returning cached instance of singleton bean 'defaultServletHandlerMapping'
""2018-09-06 12:54:42 [http-nio-8030-exec-2] DEBUG o.s.b.f.s.DefaultListableBeanFactory - Returning cached instance of singleton bean 'welcomePageHandlerMapping'
""2018-09-06 12:54:42 [http-nio-8030-exec-2] DEBUG o.s.b.f.s.DefaultListableBeanFactory - Returning cached instance of singleton bean 'requestMappingHandlerAdapter'
""2018-09-06 12:54:42 [http-nio-8030-exec-2] DEBUG o.s.b.f.s.DefaultListableBeanFactory - Returning cached instance of singleton bean 'httpRequestHandlerAdapter'
""2018-09-06 12:54:42 [http-nio-8030-exec-2] DEBUG o.s.b.f.s.DefaultListableBeanFactory - Returning cached instance of singleton bean 'simpleControllerHandlerAdapter'
""2018-09-06 12:54:42 [http-nio-8030-exec-2] DEBUG o.s.b.f.s.DefaultListableBeanFactory - Returning cached instance of singleton bean 'errorAttributes'
""2018-09-06 12:54:42 [http-nio-8030-exec-2] DEBUG o.s.b.f.s.DefaultListableBeanFactory - Returning cached instance of singleton bean 'handlerExceptionResolver'
""2018-09-06 12:54:42 [http-nio-8030-exec-2] DEBUG o.s.b.f.s.DefaultListableBeanFactory - Creating instance of bean 'org.springframework.web.servlet.view.DefaultRequestToViewNameTranslator'
""2018-09-06 12:54:42 [http-nio-8030-exec-2] DEBUG o.s.b.f.s.DefaultListableBeanFactory - Returning cached instance of singleton bean 'org.springframework.transaction.config.internalTransactionAdvisor'
""2018-09-06 12:54:42 [http-nio-8030-exec-2] DEBUG o.a.c.loader.WebappClassLoaderBase -     findClass(java.lang.ObjectCustomizer)
""2018-09-06 12:54:42 [http-nio-8030-exec-2] DEBUG o.a.c.loader.WebappClassLoaderBase -     --> Returning ClassNotFoundException
""2018-09-06 12:54:42 [http-nio-8030-exec-2] DEBUG o.a.c.loader.WebappClassLoaderBase -     findClass(org.springframework.web.servlet.view.DefaultRequestToViewNameTranslatorCustomizer)
""2018-09-06 12:54:42 [http-nio-8030-exec-2] DEBUG o.a.c.loader.WebappClassLoaderBase -     --> Returning ClassNotFoundException
""2018-09-06 12:54:42 [http-nio-8030-exec-2] DEBUG o.a.c.loader.WebappClassLoaderBase -     findClass(org.springframework.web.servlet.RequestToViewNameTranslatorCustomizer)
""2018-09-06 12:54:42 [http-nio-8030-exec-2] DEBUG o.a.c.loader.WebappClassLoaderBase -     --> Returning ClassNotFoundException
""2018-09-06 12:54:42 [http-nio-8030-exec-2] DEBUG o.s.b.f.s.DefaultListableBeanFactory - Returning cached instance of singleton bean 'org.springframework.transaction.config.internalTransactionAdvisor'
""2018-09-06 12:54:42 [http-nio-8030-exec-2] DEBUG o.s.b.f.s.DefaultListableBeanFactory - Returning cached instance of singleton bean 'org.springframework.transaction.config.internalTransactionAdvisor'
""2018-09-06 12:54:42 [http-nio-8030-exec-2] DEBUG o.s.b.f.s.DefaultListableBeanFactory - Finished creating instance of bean 'org.springframework.web.servlet.view.DefaultRequestToViewNameTranslator'
""2018-09-06 12:54:42 [http-nio-8030-exec-2] DEBUG o.s.web.servlet.DispatcherServlet - Unable to locate RequestToViewNameTranslator with name 'viewNameTranslator': using default [org.springframework.web.servlet.view.DefaultRequestToViewNameTranslator@3bd56dbe]
""2018-09-06 12:54:42 [http-nio-8030-exec-2] DEBUG o.s.b.f.s.DefaultListableBeanFactory - Returning cached instance of singleton bean 'beanNameViewResolver'
""2018-09-06 12:54:42 [http-nio-8030-exec-2] DEBUG o.s.b.f.s.DefaultListableBeanFactory - Returning cached instance of singleton bean 'mvcViewResolver'
""2018-09-06 12:54:42 [http-nio-8030-exec-2] DEBUG o.s.b.f.s.DefaultListableBeanFactory - Returning cached instance of singleton bean 'defaultViewResolver'
""2018-09-06 12:54:42 [http-nio-8030-exec-2] DEBUG o.s.b.f.s.DefaultListableBeanFactory - Returning cached instance of singleton bean 'viewResolver'
""2018-09-06 12:54:42 [http-nio-8030-exec-2] DEBUG o.s.b.f.s.DefaultListableBeanFactory - Creating instance of bean 'org.springframework.web.servlet.support.SessionFlashMapManager'
""2018-09-06 12:54:42 [http-nio-8030-exec-2] DEBUG o.s.b.f.s.DefaultListableBeanFactory - Returning cached instance of singleton bean 'org.springframework.transaction.config.internalTransactionAdvisor'
""2018-09-06 12:54:42 [http-nio-8030-exec-2] DEBUG o.a.c.loader.WebappClassLoaderBase -     findClass(java.lang.ObjectCustomizer)
""2018-09-06 12:54:42 [http-nio-8030-exec-2] DEBUG o.a.c.loader.WebappClassLoaderBase -     --> Returning ClassNotFoundException
""2018-09-06 12:54:42 [http-nio-8030-exec-2] DEBUG o.a.c.loader.WebappClassLoaderBase -     findClass(org.springframework.web.servlet.support.AbstractFlashMapManagerCustomizer)
""2018-09-06 12:54:42 [http-nio-8030-exec-2] DEBUG o.a.c.loader.WebappClassLoaderBase -     --> Returning ClassNotFoundException
""2018-09-06 12:54:42 [http-nio-8030-exec-2] DEBUG o.a.c.loader.WebappClassLoaderBase -     findClass(org.springframework.web.servlet.support.SessionFlashMapManagerCustomizer)
""2018-09-06 12:54:42 [http-nio-8030-exec-2] DEBUG o.a.c.loader.WebappClassLoaderBase -     --> Returning ClassNotFoundException
""2018-09-06 12:54:42 [http-nio-8030-exec-2] DEBUG o.a.c.loader.WebappClassLoaderBase -     findClass(org.springframework.web.servlet.FlashMapManagerCustomizer)
""2018-09-06 12:54:43 [http-nio-8030-exec-2] DEBUG o.a.c.loader.WebappClassLoaderBase -     --> Returning ClassNotFoundException
""2018-09-06 12:54:43 [http-nio-8030-exec-2] DEBUG o.s.b.f.s.DefaultListableBeanFactory - Returning cached instance of singleton bean 'org.springframework.transaction.config.internalTransactionAdvisor'
""2018-09-06 12:54:43 [http-nio-8030-exec-2] DEBUG o.s.b.f.s.DefaultListableBeanFactory - Returning cached instance of singleton bean 'org.springframework.transaction.config.internalTransactionAdvisor'
""2018-09-06 12:54:43 [http-nio-8030-exec-2] DEBUG o.s.b.f.s.DefaultListableBeanFactory - Finished creating instance of bean 'org.springframework.web.servlet.support.SessionFlashMapManager'
""2018-09-06 12:54:43 [http-nio-8030-exec-2] DEBUG o.s.web.servlet.DispatcherServlet - Unable to locate FlashMapManager with name 'flashMapManager': using default [org.springframework.web.servlet.support.SessionFlashMapManager@7eb34894]
""2018-09-06 12:54:43 [http-nio-8030-exec-2] DEBUG o.s.web.servlet.DispatcherServlet - Published WebApplicationContext of servlet 'dispatcherServlet' as ServletContext attribute with name [org.springframework.web.servlet.FrameworkServlet.CONTEXT.dispatcherServlet]
""2018-09-06 12:54:43 [http-nio-8030-exec-2] INFO  o.s.web.servlet.DispatcherServlet - FrameworkServlet 'dispatcherServlet': initialization completed in 195 ms
""2018-09-06 12:54:43 [http-nio-8030-exec-2] DEBUG o.s.web.servlet.DispatcherServlet - Servlet 'dispatcherServlet' configured successfully
""2018-09-06 12:54:43 [http-nio-8030-exec-2] DEBUG o.apache.tomcat.util.http.Parameters - Set encoding to UTF-8
""2018-09-06 12:54:43 [http-nio-8030-exec-2] DEBUG o.s.b.w.s.f.OrderedRequestContextFilter - Bound request context to thread: org.apache.catalina.connector.RequestFacade@5b1bd53c
""2018-09-06 12:54:43 [http-nio-8030-exec-2] DEBUG o.s.web.servlet.DispatcherServlet - DispatcherServlet with name 'dispatcherServlet' processing POST request for [/bill]
""2018-09-06 12:54:43 [http-nio-8030-exec-2] DEBUG o.s.w.s.m.m.a.RequestMappingHandlerMapping - Looking up handler method for path /bill
""2018-09-06 12:54:43 [http-nio-8030-exec-2] DEBUG o.s.w.s.m.m.a.RequestMappingHandlerMapping - Returning handler method [public void com.billingmodule.controller.BillingController.setBill(com.billingmodule.model.Bill)]
""2018-09-06 12:54:43 [http-nio-8030-exec-2] DEBUG o.s.b.f.s.DefaultListableBeanFactory - Returning cached instance of singleton bean 'billingController'
""2018-09-06 12:54:43 [http-nio-8030-exec-2] DEBUG o.s.o.j.s.OpenEntityManagerInViewInterceptor - Opening JPA EntityManager in OpenEntityManagerInViewInterceptor
""2018-09-06 12:54:43 [http-nio-8030-exec-2] DEBUG o.s.w.s.m.m.a.RequestResponseBodyMethodProcessor - Read [class com.billingmodule.model.Bill] as "application/json;charset=UTF-8" with [org.springframework.http.converter.json.MappingJackson2HttpMessageConverter@2bb62414]
""2018-09-06 12:54:43 [http-nio-8030-exec-2] DEBUG c.b.controller.BillingController - Set Bill Information
""2018-09-06 12:54:43 [http-nio-8030-exec-2] DEBUG c.b.controller.BillingController - Bill Information :1
""2018-09-06 12:54:43 [http-nio-8030-exec-2] DEBUG c.b.controller.BillingController - Item Name:Jack Daniels
""2018-09-06 12:54:43 [http-nio-8030-exec-2] DEBUG c.b.controller.BillingController - Item Name:Bacardi
""2018-09-06 12:54:43 [http-nio-8030-exec-2] DEBUG o.s.d.r.c.s.TransactionalRepositoryProxyPostProcessor$CustomAnnotationTransactionAttributeSource - Adding transactional method 'save' with attribute: PROPAGATION_REQUIRED,ISOLATION_DEFAULT; ''
""2018-09-06 12:54:43 [http-nio-8030-exec-2] DEBUG o.s.b.f.s.DefaultListableBeanFactory - Returning cached instance of singleton bean 'transactionManager'
""2018-09-06 12:54:43 [http-nio-8030-exec-2] DEBUG o.s.orm.jpa.JpaTransactionManager - Found thread-bound EntityManager [SessionImpl(PersistenceContext[entityKeys=[],collectionKeys=[]];ActionQueue[insertions=ExecutableList{size=0} updates=ExecutableList{size=0} deletions=ExecutableList{size=0} orphanRemovals=ExecutableList{size=0} collectionCreations=ExecutableList{size=0} collectionRemovals=ExecutableList{size=0} collectionUpdates=ExecutableList{size=0} collectionQueuedOps=ExecutableList{size=0} unresolvedInsertDependencies=null])] for JPA transaction
""2018-09-06 12:54:43 [http-nio-8030-exec-2] DEBUG o.s.orm.jpa.JpaTransactionManager - Creating new transaction with name [org.springframework.data.jpa.repository.support.SimpleJpaRepository.save]: PROPAGATION_REQUIRED,ISOLATION_DEFAULT; ''
""2018-09-06 12:54:43 [http-nio-8030-exec-2] DEBUG o.h.e.t.internal.TransactionImpl - begin
""2018-09-06 12:54:43 [http-nio-8030-exec-2] DEBUG o.s.orm.jpa.JpaTransactionManager - Exposing JPA transaction as JDBC transaction [org.springframework.orm.jpa.vendor.HibernateJpaDialect$HibernateConnectionHandle@6c42e890]
""2018-09-06 12:54:43 [http-nio-8030-exec-2] DEBUG o.a.c.loader.WebappClassLoaderBase -     findClass(java.lang.ObjectCustomizer)
""2018-09-06 12:54:43 [http-nio-8030-exec-2] DEBUG o.a.c.loader.WebappClassLoaderBase -     --> Returning ClassNotFoundException
""2018-09-06 12:54:43 [http-nio-8030-exec-2] DEBUG o.a.c.loader.WebappClassLoaderBase -     findClass(com.billingmodule.model.BillCustomizer)
""2018-09-06 12:54:43 [http-nio-8030-exec-2] DEBUG o.a.c.loader.WebappClassLoaderBase -     --> Returning ClassNotFoundException
""2018-09-06 12:54:43 [http-nio-8030-exec-2] DEBUG o.h.e.i.DefaultMergeEventListener - EntityCopyObserver strategy: disallow
""2018-09-06 12:54:43 [http-nio-8030-exec-2] DEBUG org.hibernate.loader.Loader - Loading entity: [com.billingmodule.model.Bill#1]
""2018-09-06 12:54:43 [http-nio-8030-exec-2] DEBUG org.hibernate.SQL - 
    select
        bill0_.billNumber as billNumb1_0_0_,
        bill0_.billAmount as billAmou2_0_0_,
        bill0_.billDate as billDate3_0_0_ 
    from
        Bill bill0_ 
    where
        bill0_.billNumber=?
""2018-09-06 12:54:43 [http-nio-8030-exec-2] DEBUG org.hibernate.loader.Loader - Done entity load
""2018-09-06 12:54:43 [http-nio-8030-exec-2] DEBUG org.hibernate.engine.spi.ActionQueue - Executing identity-insert immediately
""2018-09-06 12:54:43 [http-nio-8030-exec-2] DEBUG org.hibernate.SQL - 
    insert 
    into
        Bill
        (billAmount, billDate) 
    values
        (?, ?)
""2018-09-06 12:54:44 [http-nio-8030-exec-2] DEBUG o.h.id.IdentifierGeneratorHelper - Natively generated identity: 1
""2018-09-06 12:54:44 [http-nio-8030-exec-2] DEBUG o.h.r.j.i.ResourceRegistryStandardImpl - HHH000387: ResultSet's statement was not registered
""2018-09-06 12:54:44 [http-nio-8030-exec-2] DEBUG o.s.orm.jpa.JpaTransactionManager - Initiating transaction commit
""2018-09-06 12:54:44 [http-nio-8030-exec-2] DEBUG o.s.orm.jpa.JpaTransactionManager - Committing JPA transaction on EntityManager [SessionImpl(PersistenceContext[entityKeys=[EntityKey[com.billingmodule.model.Bill#1]],collectionKeys=[]];ActionQueue[insertions=ExecutableList{size=0} updates=ExecutableList{size=0} deletions=ExecutableList{size=0} orphanRemovals=ExecutableList{size=0} collectionCreations=ExecutableList{size=0} collectionRemovals=ExecutableList{size=0} collectionUpdates=ExecutableList{size=0} collectionQueuedOps=ExecutableList{size=0} unresolvedInsertDependencies=null])]
""2018-09-06 12:54:44 [http-nio-8030-exec-2] DEBUG o.h.e.t.internal.TransactionImpl - committing
""2018-09-06 12:54:44 [http-nio-8030-exec-2] DEBUG o.h.e.i.AbstractFlushingEventListener - Processing flush-time cascades
""2018-09-06 12:54:44 [http-nio-8030-exec-2] DEBUG org.hibernate.engine.spi.ActionQueue - Executing identity-insert immediately
""2018-09-06 12:54:44 [http-nio-8030-exec-2] DEBUG org.hibernate.SQL - 
    insert 
    into
        BillDetails
        (itemName, price, quantity) 
    values
        (?, ?, ?)
""2018-09-06 12:54:44 [http-nio-8030-exec-2] DEBUG o.h.id.IdentifierGeneratorHelper - Natively generated identity: 1
""2018-09-06 12:54:44 [http-nio-8030-exec-2] DEBUG o.h.r.j.i.ResourceRegistryStandardImpl - HHH000387: ResultSet's statement was not registered
""2018-09-06 12:54:44 [http-nio-8030-exec-2] DEBUG org.hibernate.engine.spi.ActionQueue - Executing identity-insert immediately
""2018-09-06 12:54:44 [http-nio-8030-exec-2] DEBUG org.hibernate.SQL - 
    insert 
    into
        BillDetails
        (itemName, price, quantity) 
    values
        (?, ?, ?)
""2018-09-06 12:54:44 [http-nio-8030-exec-2] DEBUG o.h.id.IdentifierGeneratorHelper - Natively generated identity: 2
""2018-09-06 12:54:44 [http-nio-8030-exec-2] DEBUG o.h.r.j.i.ResourceRegistryStandardImpl - HHH000387: ResultSet's statement was not registered
""2018-09-06 12:54:44 [http-nio-8030-exec-2] DEBUG o.h.e.i.AbstractFlushingEventListener - Dirty checking collections
""2018-09-06 12:54:44 [http-nio-8030-exec-2] DEBUG o.h.engine.internal.Collections - Collection found: [com.billingmodule.model.Bill.billDetails#1], was: [<unreferenced>] (initialized)
""2018-09-06 12:54:44 [http-nio-8030-exec-2] DEBUG o.h.e.i.AbstractFlushingEventListener - Flushed: 0 insertions, 1 updates, 0 deletions to 3 objects
""2018-09-06 12:54:44 [http-nio-8030-exec-2] DEBUG o.h.e.i.AbstractFlushingEventListener - Flushed: 1 (re)creations, 0 updates, 0 removals to 1 collections
""2018-09-06 12:54:44 [http-nio-8030-exec-2] DEBUG o.h.internal.util.EntityPrinter - Listing entities:
""2018-09-06 12:54:44 [http-nio-8030-exec-2] DEBUG o.h.internal.util.EntityPrinter - com.billingmodule.model.BillDetails{itemNumber=1, itemName=Hi, quantity=50, price=650.0, bill=null}
""2018-09-06 12:54:44 [http-nio-8030-exec-2] DEBUG o.h.internal.util.EntityPrinter - com.billingmodule.model.BillDetails{itemNumber=2, itemName=Hi, quantity=50, price=650.0, bill=null}
""2018-09-06 12:54:44 [http-nio-8030-exec-2] DEBUG o.h.internal.util.EntityPrinter - com.billingmodule.model.Bill{billDetails=[com.billingmodule.model.BillDetails#1, com.billingmodule.model.BillDetails#2], billAmount=11500.0, billDate=Wed Sep 05 05:30:00 IST 2018, billNumber=1}
""2018-09-06 12:54:44 [http-nio-8030-exec-2] DEBUG o.s.orm.jpa.JpaTransactionManager - Not closing pre-bound JPA EntityManager after transaction
""2018-09-06 12:54:44 [http-nio-8030-exec-2] DEBUG o.s.web.servlet.DispatcherServlet - Null ModelAndView returned to DispatcherServlet with name 'dispatcherServlet': assuming HandlerAdapter completed request handling
""2018-09-06 12:54:44 [http-nio-8030-exec-2] DEBUG o.s.o.j.s.OpenEntityManagerInViewInterceptor - Closing JPA EntityManager in OpenEntityManagerInViewInterceptor
""2018-09-06 12:54:44 [http-nio-8030-exec-2] DEBUG o.s.o.jpa.EntityManagerFactoryUtils - Closing JPA EntityManager
""2018-09-06 12:54:44 [http-nio-8030-exec-2] DEBUG o.s.web.servlet.DispatcherServlet - Successfully completed request
""2018-09-06 12:54:44 [http-nio-8030-exec-2] DEBUG o.s.b.w.s.f.OrderedRequestContextFilter - Cleared thread-bound request context: org.apache.catalina.connector.RequestFacade@5b1bd53c
""2018-09-06 12:54:44 [http-nio-8030-exec-2] DEBUG o.a.t.util.net.SocketWrapperBase - Socket: [org.apache.tomcat.util.net.NioEndpoint$NioSocketWrapper@56dd3b0:org.apache.tomcat.util.net.NioChannel@38e9a978:java.nio.channels.SocketChannel[connected local=/0:0:0:0:0:0:0:1:8030 remote=/0:0:0:0:0:0:0:1:51894]], Read from buffer: [0]
""2018-09-06 12:54:44 [http-nio-8030-exec-2] DEBUG o.apache.tomcat.util.net.NioEndpoint - Socket: [org.apache.tomcat.util.net.NioEndpoint$NioSocketWrapper@56dd3b0:org.apache.tomcat.util.net.NioChannel@38e9a978:java.nio.channels.SocketChannel[connected local=/0:0:0:0:0:0:0:1:8030 remote=/0:0:0:0:0:0:0:1:51894]], Read direct from socket: [0]
""2018-09-06 12:54:44 [http-nio-8030-exec-2] DEBUG o.a.coyote.http11.Http11Processor - Socket: [org.apache.tomcat.util.net.NioEndpoint$NioSocketWrapper@56dd3b0:org.apache.tomcat.util.net.NioChannel@38e9a978:java.nio.channels.SocketChannel[connected local=/0:0:0:0:0:0:0:1:8030 remote=/0:0:0:0:0:0:0:1:51894]], Status in: [OPEN_READ], State out: [OPEN]
""2018-09-06 12:55:08 [HikariPool-1 housekeeper] DEBUG com.zaxxer.hikari.pool.HikariPool - HikariPool-1 - Pool stats (total=10, active=0, idle=10, waiting=0)
""2018-09-06 12:55:38 [HikariPool-1 housekeeper] DEBUG com.zaxxer.hikari.pool.HikariPool - HikariPool-1 - Pool stats (total=10, active=0, idle=10, waiting=0)
""2018-09-06 12:55:44 [http-nio-8030-exec-1] DEBUG o.a.tomcat.util.threads.LimitLatch - Counting down[http-nio-8030-exec-1] latch=1
""2018-09-06 12:55:44 [http-nio-8030-exec-1] DEBUG o.apache.tomcat.util.net.NioEndpoint - Socket: [org.apache.tomcat.util.net.NioChannel@38e9a978:java.nio.channels.SocketChannel[closed]] closed
""2018-09-06 12:56:08 [HikariPool-1 housekeeper] DEBUG com.zaxxer.hikari.pool.HikariPool - HikariPool-1 - Pool stats (total=10, active=0, idle=10, waiting=0)
""2018-09-06 12:56:38 [HikariPool-1 housekeeper] DEBUG com.zaxxer.hikari.pool.HikariPool - HikariPool-1 - Pool stats (total=10, active=0, idle=10, waiting=0)
""2018-09-06 12:57:08 [ContainerBackgroundProcessor[StandardEngine[Tomcat]]] DEBUG o.a.catalina.session.ManagerBase - Start expire sessions StandardManager at 1536218828058 sessioncount 0
""2018-09-06 12:57:08 [ContainerBackgroundProcessor[StandardEngine[Tomcat]]] DEBUG o.a.catalina.session.ManagerBase - End expire sessions StandardManager processingTime 1 expired sessions: 0
""2018-09-06 12:57:08 [HikariPool-1 housekeeper] DEBUG com.zaxxer.hikari.pool.HikariPool - HikariPool-1 - Pool stats (total=10, active=0, idle=10, waiting=0)
""2018-09-06 12:57:38 [HikariPool-1 housekeeper] DEBUG com.zaxxer.hikari.pool.HikariPool - HikariPool-1 - Pool stats (total=10, active=0, idle=10, waiting=0)
""2018-09-06 12:58:08 [HikariPool-1 housekeeper] DEBUG com.zaxxer.hikari.pool.HikariPool - HikariPool-1 - Pool stats (total=10, active=0, idle=10, waiting=0)
""2018-09-06 12:58:38 [HikariPool-1 housekeeper] DEBUG com.zaxxer.hikari.pool.HikariPool - HikariPool-1 - Pool stats (total=10, active=0, idle=10, waiting=0)
"